# JRE version: OpenJDK Runtime Environment Temurin-21.0.8+9 (21.0.8+9) (build 21.0.8+9-LTS)
# Java VM: OpenJDK 64-Bit Server VM Temurin-21.0.8+9 (21.0.8+9-LTS, mixed mode, sharing, tiered, compressed oops, compressed class ptrs, parallel gc, windows-amd64)
GC Precious Log:
 CardTable entry size: 512
 CPUs: 8 total, 8 available
 Memory: 8029M
 Large Page Support: Disabled
 NUMA Support: Disabled
 Compressed Oops: Enabled (32-bit)
 Alignments: Space 512K, Generation 512K, Heap 2M
 Heap Min Capacity: 100M
 Heap Initial Capacity: 100M
 Heap Max Capacity: 2G
 Pre-touch: Disabled
 Parallel Workers: 8
Heap:
 PSYoungGen      total 3584K, used 1488K [0x00000000d5580000, 0x00000000d5a80000, 0x0000000100000000)
  eden space 3072K, 41% used [0x00000000d5580000,0x00000000d56bc140,0x00000000d5880000)
  from space 512K, 43% used [0x00000000d5a00000,0x00000000d5a38000,0x00000000d5a80000)
  to   space 512K, 0% used [0x00000000d5980000,0x00000000d5980000,0x00000000d5a00000)
 ParOldGen       total 748544K, used 748160K [0x0000000080000000, 0x00000000adb00000, 0x00000000d5580000)
  object space 748544K, 99% used [0x0000000080000000,0x00000000adaa0348,0x00000000adb00000)
 Metaspace       used 68620K, committed 70272K, reserved 1114112K
  class space    used 8499K, committed 9216K, reserved 1048576K
GC Heap History (20 events):
Event: 71.737 GC heap before
{Heap before GC invocations=1655 (full 3):
 PSYoungGen      total 3584K, used 3232K [0x00000000d5580000, 0x00000000d5980000, 0x0000000100000000)
  eden space 3072K, 100% used [0x00000000d5580000,0x00000000d5880000,0x00000000d5880000)
  from space 512K, 31% used [0x00000000d5880000,0x00000000d58a8000,0x00000000d5900000)
  to   space 512K, 0% used [0x00000000d5900000,0x00000000d5900000,0x00000000d5980000)
 ParOldGen       total 747520K, used 747299K [0x0000000080000000, 0x00000000ada00000, 0x00000000d5580000)
  object space 747520K, 99% used [0x0000000080000000,0x00000000ad9c8c20,0x00000000ada00000)
 Metaspace       used 68379K, committed 69952K, reserved 1114112K
  class space    used 8485K, committed 9152K, reserved 1048576K
}
Event: 71.738 GC heap after
{Heap after GC invocations=1655 (full 3):
 PSYoungGen      total 3584K, used 160K [0x00000000d5580000, 0x00000000d5980000, 0x0000000100000000)
  eden space 3072K, 0% used [0x00000000d5580000,0x00000000d5580000,0x00000000d5880000)
  from space 512K, 31% used [0x00000000d5900000,0x00000000d5928000,0x00000000d5980000)
  to   space 512K, 0% used [0x00000000d5880000,0x00000000d5880000,0x00000000d5900000)
 ParOldGen       total 747520K, used 747323K [0x0000000080000000, 0x00000000ada00000, 0x00000000d5580000)
  object space 747520K, 99% used [0x0000000080000000,0x00000000ad9cec20,0x00000000ada00000)
 Metaspace       used 68379K, committed 69952K, reserved 1114112K
  class space    used 8485K, committed 9152K, reserved 1048576K
}
Event: 74.519 GC heap before
{Heap before GC invocations=1656 (full 3):
 PSYoungGen      total 3584K, used 3232K [0x00000000d5580000, 0x00000000d5980000, 0x0000000100000000)
  eden space 3072K, 100% used [0x00000000d5580000,0x00000000d5880000,0x00000000d5880000)
  from space 512K, 31% used [0x00000000d5900000,0x00000000d5928000,0x00000000d5980000)
  to   space 512K, 0% used [0x00000000d5880000,0x00000000d5880000,0x00000000d5900000)
 ParOldGen       total 747520K, used 747323K [0x0000000080000000, 0x00000000ada00000, 0x00000000d5580000)
  object space 747520K, 99% used [0x0000000080000000,0x00000000ad9cec20,0x00000000ada00000)
 Metaspace       used 68379K, committed 69952K, reserved 1114112K
  class space    used 8485K, committed 9152K, reserved 1048576K
}
Event: 74.521 GC heap after
{Heap after GC invocations=1656 (full 3):
 PSYoungGen      total 3584K, used 192K [0x00000000d5580000, 0x00000000d5980000, 0x0000000100000000)
  eden space 3072K, 0% used [0x00000000d5580000,0x00000000d5580000,0x00000000d5880000)
  from space 512K, 37% used [0x00000000d5880000,0x00000000d58b0000,0x00000000d5900000)
  to   space 512K, 0% used [0x00000000d5900000,0x00000000d5900000,0x00000000d5980000)
 ParOldGen       total 747520K, used 747323K [0x0000000080000000, 0x00000000ada00000, 0x00000000d5580000)
  object space 747520K, 99% used [0x0000000080000000,0x00000000ad9cec20,0x00000000ada00000)
 Metaspace       used 68379K, committed 69952K, reserved 1114112K
  class space    used 8485K, committed 9152K, reserved 1048576K
}
Event: 80.500 GC heap before
{Heap before GC invocations=1657 (full 3):
 PSYoungGen      total 3584K, used 3264K [0x00000000d5580000, 0x00000000d5980000, 0x0000000100000000)
  eden space 3072K, 100% used [0x00000000d5580000,0x00000000d5880000,0x00000000d5880000)
  from space 512K, 37% used [0x00000000d5880000,0x00000000d58b0000,0x00000000d5900000)
  to   space 512K, 0% used [0x00000000d5900000,0x00000000d5900000,0x00000000d5980000)
 ParOldGen       total 747520K, used 747323K [0x0000000080000000, 0x00000000ada00000, 0x00000000d5580000)
  object space 747520K, 99% used [0x0000000080000000,0x00000000ad9cec20,0x00000000ada00000)
 Metaspace       used 68380K, committed 69952K, reserved 1114112K
  class space    used 8485K, committed 9152K, reserved 1048576K
}
Event: 80.503 GC heap after
{Heap after GC invocations=1657 (full 3):
 PSYoungGen      total 3584K, used 96K [0x00000000d5580000, 0x00000000d5980000, 0x0000000100000000)
  eden space 3072K, 0% used [0x00000000d5580000,0x00000000d5580000,0x00000000d5880000)
  from space 512K, 18% used [0x00000000d5900000,0x00000000d5918000,0x00000000d5980000)
  to   space 512K, 0% used [0x00000000d5880000,0x00000000d5880000,0x00000000d5900000)
 ParOldGen       total 747520K, used 747347K [0x0000000080000000, 0x00000000ada00000, 0x00000000d5580000)
  object space 747520K, 99% used [0x0000000080000000,0x00000000ad9d4c20,0x00000000ada00000)
 Metaspace       used 68380K, committed 69952K, reserved 1114112K
  class space    used 8485K, committed 9152K, reserved 1048576K
}
Event: 80.621 GC heap before
{Heap before GC invocations=1658 (full 3):
 PSYoungGen      total 3584K, used 3168K [0x00000000d5580000, 0x00000000d5980000, 0x0000000100000000)
  eden space 3072K, 100% used [0x00000000d5580000,0x00000000d5880000,0x00000000d5880000)
  from space 512K, 18% used [0x00000000d5900000,0x00000000d5918000,0x00000000d5980000)
  to   space 512K, 0% used [0x00000000d5880000,0x00000000d5880000,0x00000000d5900000)
 ParOldGen       total 747520K, used 747347K [0x0000000080000000, 0x00000000ada00000, 0x00000000d5580000)
  object space 747520K, 99% used [0x0000000080000000,0x00000000ad9d4c20,0x00000000ada00000)
 Metaspace       used 68380K, committed 69952K, reserved 1114112K
  class space    used 8485K, committed 9152K, reserved 1048576K
}
Event: 80.622 GC heap after
{Heap after GC invocations=1658 (full 3):
 PSYoungGen      total 3584K, used 192K [0x00000000d5580000, 0x00000000d5980000, 0x0000000100000000)
  eden space 3072K, 0% used [0x00000000d5580000,0x00000000d5580000,0x00000000d5880000)
  from space 512K, 37% used [0x00000000d5880000,0x00000000d58b0000,0x00000000d5900000)
  to   space 512K, 0% used [0x00000000d5900000,0x00000000d5900000,0x00000000d5980000)
 ParOldGen       total 747520K, used 747387K [0x0000000080000000, 0x00000000ada00000, 0x00000000d5580000)
  object space 747520K, 99% used [0x0000000080000000,0x00000000ad9dec20,0x00000000ada00000)
 Metaspace       used 68380K, committed 69952K, reserved 1114112K
  class space    used 8485K, committed 9152K, reserved 1048576K
}
Event: 80.875 GC heap before
{Heap before GC invocations=1659 (full 3):
 PSYoungGen      total 3584K, used 3264K [0x00000000d5580000, 0x00000000d5980000, 0x0000000100000000)
  eden space 3072K, 100% used [0x00000000d5580000,0x00000000d5880000,0x00000000d5880000)
  from space 512K, 37% used [0x00000000d5880000,0x00000000d58b0000,0x00000000d5900000)
  to   space 512K, 0% used [0x00000000d5900000,0x00000000d5900000,0x00000000d5980000)
 ParOldGen       total 747520K, used 747387K [0x0000000080000000, 0x00000000ada00000, 0x00000000d5580000)
  object space 747520K, 99% used [0x0000000080000000,0x00000000ad9dec20,0x00000000ada00000)
 Metaspace       used 68380K, committed 69952K, reserved 1114112K
  class space    used 8485K, committed 9152K, reserved 1048576K
}
Event: 80.879 GC heap after
{Heap after GC invocations=1659 (full 3):
 PSYoungGen      total 3584K, used 160K [0x00000000d5580000, 0x00000000d5980000, 0x0000000100000000)
  eden space 3072K, 0% used [0x00000000d5580000,0x00000000d5580000,0x00000000d5880000)
  from space 512K, 31% used [0x00000000d5900000,0x00000000d5928000,0x00000000d5980000)
  to   space 512K, 0% used [0x00000000d5880000,0x00000000d5880000,0x00000000d5900000)
 ParOldGen       total 747520K, used 747387K [0x0000000080000000, 0x00000000ada00000, 0x00000000d5580000)
  object space 747520K, 99% used [0x0000000080000000,0x00000000ad9dec20,0x00000000ada00000)
 Metaspace       used 68380K, committed 69952K, reserved 1114112K
  class space    used 8485K, committed 9152K, reserved 1048576K
}
Event: 80.915 GC heap before
{Heap before GC invocations=1660 (full 3):
 PSYoungGen      total 3584K, used 3227K [0x00000000d5580000, 0x00000000d5980000, 0x0000000100000000)
  eden space 3072K, 99% used [0x00000000d5580000,0x00000000d587ece0,0x00000000d5880000)
  from space 512K, 31% used [0x00000000d5900000,0x00000000d5928000,0x00000000d5980000)
  to   space 512K, 0% used [0x00000000d5880000,0x00000000d5880000,0x00000000d5900000)
 ParOldGen       total 747520K, used 747387K [0x0000000080000000, 0x00000000ada00000, 0x00000000d5580000)
  object space 747520K, 99% used [0x0000000080000000,0x00000000ad9dec20,0x00000000ada00000)
 Metaspace       used 68380K, committed 69952K, reserved 1114112K
  class space    used 8485K, committed 9152K, reserved 1048576K
}
Event: 80.917 GC heap after
{Heap after GC invocations=1660 (full 3):
 PSYoungGen      total 3584K, used 230K [0x00000000d5580000, 0x00000000d5980000, 0x0000000100000000)
  eden space 3072K, 0% used [0x00000000d5580000,0x00000000d5580000,0x00000000d5880000)
  from space 512K, 44% used [0x00000000d5880000,0x00000000d58b9830,0x00000000d5900000)
  to   space 512K, 0% used [0x00000000d5900000,0x00000000d5900000,0x00000000d5980000)
 ParOldGen       total 747520K, used 747395K [0x0000000080000000, 0x00000000ada00000, 0x00000000d5580000)
  object space 747520K, 99% used [0x0000000080000000,0x00000000ad9e0c20,0x00000000ada00000)
 Metaspace       used 68380K, committed 69952K, reserved 1114112K
  class space    used 8485K, committed 9152K, reserved 1048576K
}
Event: 80.933 GC heap before
{Heap before GC invocations=1661 (full 3):
 PSYoungGen      total 3584K, used 3281K [0x00000000d5580000, 0x00000000d5980000, 0x0000000100000000)
  eden space 3072K, 99% used [0x00000000d5580000,0x00000000d587ad58,0x00000000d5880000)
  from space 512K, 44% used [0x00000000d5880000,0x00000000d58b9830,0x00000000d5900000)
  to   space 512K, 0% used [0x00000000d5900000,0x00000000d5900000,0x00000000d5980000)
 ParOldGen       total 747520K, used 747395K [0x0000000080000000, 0x00000000ada00000, 0x00000000d5580000)
  object space 747520K, 99% used [0x0000000080000000,0x00000000ad9e0c20,0x00000000ada00000)
 Metaspace       used 68380K, committed 69952K, reserved 1114112K
  class space    used 8485K, committed 9152K, reserved 1048576K
}
Event: 80.935 GC heap after
{Heap after GC invocations=1661 (full 3):
 PSYoungGen      total 3584K, used 302K [0x00000000d5580000, 0x00000000d5980000, 0x0000000100000000)
  eden space 3072K, 0% used [0x00000000d5580000,0x00000000d5580000,0x00000000d5880000)
  from space 512K, 59% used [0x00000000d5900000,0x00000000d594b970,0x00000000d5980000)
  to   space 512K, 0% used [0x00000000d5880000,0x00000000d5880000,0x00000000d5900000)
 ParOldGen       total 747520K, used 747419K [0x0000000080000000, 0x00000000ada00000, 0x00000000d5580000)
  object space 747520K, 99% used [0x0000000080000000,0x00000000ad9e6c20,0x00000000ada00000)
 Metaspace       used 68380K, committed 69952K, reserved 1114112K
  class space    used 8485K, committed 9152K, reserved 1048576K
}
Event: 81.229 GC heap before
{Heap before GC invocations=1662 (full 3):
 PSYoungGen      total 3584K, used 3368K [0x00000000d5580000, 0x00000000d5980000, 0x0000000100000000)
  eden space 3072K, 99% used [0x00000000d5580000,0x00000000d587e7f8,0x00000000d5880000)
  from space 512K, 59% used [0x00000000d5900000,0x00000000d594b970,0x00000000d5980000)
  to   space 512K, 0% used [0x00000000d5880000,0x00000000d5880000,0x00000000d5900000)
 ParOldGen       total 747520K, used 747419K [0x0000000080000000, 0x00000000ada00000, 0x00000000d5580000)
  object space 747520K, 99% used [0x0000000080000000,0x00000000ad9e6c20,0x00000000ada00000)
 Metaspace       used 68383K, committed 69952K, reserved 1114112K
  class space    used 8485K, committed 9152K, reserved 1048576K
}
Event: 81.231 GC heap after
{Heap after GC invocations=1662 (full 3):
 PSYoungGen      total 3584K, used 483K [0x00000000d5580000, 0x00000000d5a80000, 0x0000000100000000)
  eden space 3072K, 0% used [0x00000000d5580000,0x00000000d5580000,0x00000000d5880000)
  from space 512K, 94% used [0x00000000d5880000,0x00000000d58f8eb8,0x00000000d5900000)
  to   space 1024K, 0% used [0x00000000d5980000,0x00000000d5980000,0x00000000d5a80000)
 ParOldGen       total 748032K, used 747533K [0x0000000080000000, 0x00000000ada80000, 0x00000000d5580000)
  object space 748032K, 99% used [0x0000000080000000,0x00000000ada03530,0x00000000ada80000)
 Metaspace       used 68383K, committed 69952K, reserved 1114112K
  class space    used 8485K, committed 9152K, reserved 1048576K
}
Event: 81.305 GC heap before
{Heap before GC invocations=1663 (full 3):
 PSYoungGen      total 3584K, used 3551K [0x00000000d5580000, 0x00000000d5a80000, 0x0000000100000000)
  eden space 3072K, 99% used [0x00000000d5580000,0x00000000d587eed8,0x00000000d5880000)
  from space 512K, 94% used [0x00000000d5880000,0x00000000d58f8eb8,0x00000000d5900000)
  to   space 1024K, 0% used [0x00000000d5980000,0x00000000d5980000,0x00000000d5a80000)
 ParOldGen       total 748032K, used 747533K [0x0000000080000000, 0x00000000ada80000, 0x00000000d5580000)
  object space 748032K, 99% used [0x0000000080000000,0x00000000ada03530,0x00000000ada80000)
 Metaspace       used 68601K, committed 70208K, reserved 1114112K
  class space    used 8498K, committed 9216K, reserved 1048576K
}
Event: 81.307 GC heap after
{Heap after GC invocations=1663 (full 3):
 PSYoungGen      total 4096K, used 469K [0x00000000d5580000, 0x00000000d5a80000, 0x0000000100000000)
  eden space 3072K, 0% used [0x00000000d5580000,0x00000000d5580000,0x00000000d5880000)
  from space 1024K, 45% used [0x00000000d5980000,0x00000000d59f5498,0x00000000d5a80000)
  to   space 1024K, 0% used [0x00000000d5880000,0x00000000d5880000,0x00000000d5980000)
 ParOldGen       total 748032K, used 747832K [0x0000000080000000, 0x00000000ada80000, 0x00000000d5580000)
  object space 748032K, 99% used [0x0000000080000000,0x00000000ada4e348,0x00000000ada80000)
 Metaspace       used 68601K, committed 70208K, reserved 1114112K
  class space    used 8498K, committed 9216K, reserved 1048576K
}
Event: 81.389 GC heap before
{Heap before GC invocations=1664 (full 3):
 PSYoungGen      total 4096K, used 3541K [0x00000000d5580000, 0x00000000d5a80000, 0x0000000100000000)
  eden space 3072K, 100% used [0x00000000d5580000,0x00000000d5880000,0x00000000d5880000)
  from space 1024K, 45% used [0x00000000d5980000,0x00000000d59f5498,0x00000000d5a80000)
  to   space 1024K, 0% used [0x00000000d5880000,0x00000000d5880000,0x00000000d5980000)
 ParOldGen       total 748032K, used 747832K [0x0000000080000000, 0x00000000ada80000, 0x00000000d5580000)
  object space 748032K, 99% used [0x0000000080000000,0x00000000ada4e348,0x00000000ada80000)
 Metaspace       used 68612K, committed 70208K, reserved 1114112K
  class space    used 8499K, committed 9216K, reserved 1048576K
}
Event: 82.317 GC heap after
{Heap after GC invocations=1664 (full 3):
 PSYoungGen      total 4096K, used 224K [0x00000000d5580000, 0x00000000d5a80000, 0x0000000100000000)
  eden space 3072K, 0% used [0x00000000d5580000,0x00000000d5580000,0x00000000d5880000)
  from space 1024K, 21% used [0x00000000d5880000,0x00000000d58b8000,0x00000000d5980000)
  to   space 512K, 0% used [0x00000000d5a00000,0x00000000d5a00000,0x00000000d5a80000)
 ParOldGen       total 748544K, used 748104K [0x0000000080000000, 0x00000000adb00000, 0x00000000d5580000)
  object space 748544K, 99% used [0x0000000080000000,0x00000000ada92348,0x00000000adb00000)
 Metaspace       used 68612K, committed 70208K, reserved 1114112K
  class space    used 8499K, committed 9216K, reserved 1048576K
}

