# JRE version: OpenJDK Runtime Environment Temurin-21.0.8+9 (21.0.8+9) (build 21.0.8+9-LTS)
# Java VM: OpenJDK 64-Bit Server VM Temurin-21.0.8+9 (21.0.8+9-LTS, mixed mode, sharing, tiered, compressed oops, compressed class ptrs, parallel gc, windows-amd64)
GC Precious Log:
 CardTable entry size: 512
 CPUs: 8 total, 8 available
 Memory: 8029M
 Large Page Support: Disabled
 NUMA Support: Disabled
 Compressed Oops: Enabled (32-bit)
 Alignments: Space 512K, Generation 512K, Heap 2M
 Heap Min Capacity: 100M
 Heap Initial Capacity: 100M
 Heap Max Capacity: 2G
 Pre-touch: Disabled
 Parallel Workers: 8
Heap:
 PSYoungGen      total 35328K, used 9901K [0x00000000d5580000, 0x00000000d8a00000, 0x0000000100000000)
  eden space 31232K, 18% used [0x00000000d5580000,0x00000000d5b2bf40,0x00000000d7400000)
  from space 4096K, 99% used [0x00000000d7400000,0x00000000d77ff890,0x00000000d7800000)
  to   space 8704K, 0% used [0x00000000d8180000,0x00000000d8180000,0x00000000d8a00000)
 ParOldGen       total 730624K, used 558844K [0x0000000080000000, 0x00000000ac980000, 0x00000000d5580000)
  object space 730624K, 76% used [0x0000000080000000,0x00000000a21bf308,0x00000000ac980000)
 Metaspace       used 88806K, committed 90688K, reserved 1179648K
  class space    used 10126K, committed 11008K, reserved 1048576K
GC Heap History (20 events):
Event: 4729.645 GC heap before
{Heap before GC invocations=2260 (full 4):
 PSYoungGen      total 17408K, used 17408K [0x00000000d5580000, 0x00000000d7200000, 0x0000000100000000)
  eden space 14336K, 100% used [0x00000000d5580000,0x00000000d6380000,0x00000000d6380000)
  from space 3072K, 100% used [0x00000000d6380000,0x00000000d6680000,0x00000000d6680000)
  to   space 6144K, 0% used [0x00000000d6c00000,0x00000000d6c00000,0x00000000d7200000)
 ParOldGen       total 730624K, used 543122K [0x0000000080000000, 0x00000000ac980000, 0x00000000d5580000)
  object space 730624K, 74% used [0x0000000080000000,0x00000000a12648e0,0x00000000ac980000)
 Metaspace       used 88804K, committed 90688K, reserved 1179648K
  class space    used 10126K, committed 11008K, reserved 1048576K
}
Event: 4729.649 GC heap after
{Heap after GC invocations=2260 (full 4):
 PSYoungGen      total 18944K, used 1129K [0x00000000d5580000, 0x00000000d6d80000, 0x0000000100000000)
  eden space 17408K, 0% used [0x00000000d5580000,0x00000000d5580000,0x00000000d6680000)
  from space 1536K, 73% used [0x00000000d6c00000,0x00000000d6d1a5d0,0x00000000d6d80000)
  to   space 3072K, 0% used [0x00000000d6780000,0x00000000d6780000,0x00000000d6a80000)
 ParOldGen       total 730624K, used 543602K [0x0000000080000000, 0x00000000ac980000, 0x00000000d5580000)
  object space 730624K, 74% used [0x0000000080000000,0x00000000a12dc8e0,0x00000000ac980000)
 Metaspace       used 88804K, committed 90688K, reserved 1179648K
  class space    used 10126K, committed 11008K, reserved 1048576K
}
Event: 4729.656 GC heap before
{Heap before GC invocations=2261 (full 4):
 PSYoungGen      total 18944K, used 18537K [0x00000000d5580000, 0x00000000d6d80000, 0x0000000100000000)
  eden space 17408K, 100% used [0x00000000d5580000,0x00000000d6680000,0x00000000d6680000)
  from space 1536K, 73% used [0x00000000d6c00000,0x00000000d6d1a5d0,0x00000000d6d80000)
  to   space 3072K, 0% used [0x00000000d6780000,0x00000000d6780000,0x00000000d6a80000)
 ParOldGen       total 730624K, used 543602K [0x0000000080000000, 0x00000000ac980000, 0x00000000d5580000)
  object space 730624K, 74% used [0x0000000080000000,0x00000000a12dc8e0,0x00000000ac980000)
 Metaspace       used 88804K, committed 90688K, reserved 1179648K
  class space    used 10126K, committed 11008K, reserved 1048576K
}
Event: 4729.665 GC heap after
{Heap after GC invocations=2261 (full 4):
 PSYoungGen      total 21504K, used 3072K [0x00000000d5580000, 0x00000000d7500000, 0x0000000100000000)
  eden space 18432K, 0% used [0x00000000d5580000,0x00000000d5580000,0x00000000d6780000)
  from space 3072K, 100% used [0x00000000d6780000,0x00000000d6a80000,0x00000000d6a80000)
  to   space 5632K, 0% used [0x00000000d6f80000,0x00000000d6f80000,0x00000000d7500000)
 ParOldGen       total 730624K, used 545195K [0x0000000080000000, 0x00000000ac980000, 0x00000000d5580000)
  object space 730624K, 74% used [0x0000000080000000,0x00000000a146aeb0,0x00000000ac980000)
 Metaspace       used 88804K, committed 90688K, reserved 1179648K
  class space    used 10126K, committed 11008K, reserved 1048576K
}
Event: 4729.674 GC heap before
{Heap before GC invocations=2262 (full 4):
 PSYoungGen      total 21504K, used 21504K [0x00000000d5580000, 0x00000000d7500000, 0x0000000100000000)
  eden space 18432K, 100% used [0x00000000d5580000,0x00000000d6780000,0x00000000d6780000)
  from space 3072K, 100% used [0x00000000d6780000,0x00000000d6a80000,0x00000000d6a80000)
  to   space 5632K, 0% used [0x00000000d6f80000,0x00000000d6f80000,0x00000000d7500000)
 ParOldGen       total 730624K, used 545195K [0x0000000080000000, 0x00000000ac980000, 0x00000000d5580000)
  object space 730624K, 74% used [0x0000000080000000,0x00000000a146aeb0,0x00000000ac980000)
 Metaspace       used 88804K, committed 90688K, reserved 1179648K
  class space    used 10126K, committed 11008K, reserved 1048576K
}
Event: 4729.681 GC heap after
{Heap after GC invocations=2262 (full 4):
 PSYoungGen      total 26624K, used 3401K [0x00000000d5580000, 0x00000000d7380000, 0x0000000100000000)
  eden space 22528K, 0% used [0x00000000d5580000,0x00000000d5580000,0x00000000d6b80000)
  from space 4096K, 83% used [0x00000000d6f80000,0x00000000d72d25d0,0x00000000d7380000)
  to   space 4096K, 0% used [0x00000000d6b80000,0x00000000d6b80000,0x00000000d6f80000)
 ParOldGen       total 730624K, used 546659K [0x0000000080000000, 0x00000000ac980000, 0x00000000d5580000)
  object space 730624K, 74% used [0x0000000080000000,0x00000000a15d8eb0,0x00000000ac980000)
 Metaspace       used 88804K, committed 90688K, reserved 1179648K
  class space    used 10126K, committed 11008K, reserved 1048576K
}
Event: 4729.812 GC heap before
{Heap before GC invocations=2263 (full 4):
 PSYoungGen      total 26624K, used 25929K [0x00000000d5580000, 0x00000000d7380000, 0x0000000100000000)
  eden space 22528K, 100% used [0x00000000d5580000,0x00000000d6b80000,0x00000000d6b80000)
  from space 4096K, 83% used [0x00000000d6f80000,0x00000000d72d25d0,0x00000000d7380000)
  to   space 4096K, 0% used [0x00000000d6b80000,0x00000000d6b80000,0x00000000d6f80000)
 ParOldGen       total 730624K, used 546659K [0x0000000080000000, 0x00000000ac980000, 0x00000000d5580000)
  object space 730624K, 74% used [0x0000000080000000,0x00000000a15d8eb0,0x00000000ac980000)
 Metaspace       used 88804K, committed 90688K, reserved 1179648K
  class space    used 10126K, committed 11008K, reserved 1048576K
}
Event: 4729.817 GC heap after
{Heap after GC invocations=2263 (full 4):
 PSYoungGen      total 26624K, used 1545K [0x00000000d5580000, 0x00000000d7500000, 0x0000000100000000)
  eden space 22528K, 0% used [0x00000000d5580000,0x00000000d5580000,0x00000000d6b80000)
  from space 4096K, 37% used [0x00000000d6b80000,0x00000000d6d025d0,0x00000000d6f80000)
  to   space 2560K, 0% used [0x00000000d7280000,0x00000000d7280000,0x00000000d7500000)
 ParOldGen       total 730624K, used 547427K [0x0000000080000000, 0x00000000ac980000, 0x00000000d5580000)
  object space 730624K, 74% used [0x0000000080000000,0x00000000a1698eb0,0x00000000ac980000)
 Metaspace       used 88804K, committed 90688K, reserved 1179648K
  class space    used 10126K, committed 11008K, reserved 1048576K
}
Event: 4729.825 GC heap before
{Heap before GC invocations=2264 (full 4):
 PSYoungGen      total 26624K, used 23976K [0x00000000d5580000, 0x00000000d7500000, 0x0000000100000000)
  eden space 22528K, 99% used [0x00000000d5580000,0x00000000d6b67c30,0x00000000d6b80000)
  from space 4096K, 37% used [0x00000000d6b80000,0x00000000d6d025d0,0x00000000d6f80000)
  to   space 2560K, 0% used [0x00000000d7280000,0x00000000d7280000,0x00000000d7500000)
 ParOldGen       total 730624K, used 547427K [0x0000000080000000, 0x00000000ac980000, 0x00000000d5580000)
  object space 730624K, 74% used [0x0000000080000000,0x00000000a1698eb0,0x00000000ac980000)
 Metaspace       used 88804K, committed 90688K, reserved 1179648K
  class space    used 10126K, committed 11008K, reserved 1048576K
}
Event: 4729.836 GC heap after
{Heap after GC invocations=2264 (full 4):
 PSYoungGen      total 26112K, used 2560K [0x00000000d5580000, 0x00000000d7c00000, 0x0000000100000000)
  eden space 23552K, 0% used [0x00000000d5580000,0x00000000d5580000,0x00000000d6c80000)
  from space 2560K, 100% used [0x00000000d7280000,0x00000000d7500000,0x00000000d7500000)
  to   space 6144K, 0% used [0x00000000d6c80000,0x00000000d6c80000,0x00000000d7280000)
 ParOldGen       total 730624K, used 549953K [0x0000000080000000, 0x00000000ac980000, 0x00000000d5580000)
  object space 730624K, 75% used [0x0000000080000000,0x00000000a1910768,0x00000000ac980000)
 Metaspace       used 88804K, committed 90688K, reserved 1179648K
  class space    used 10126K, committed 11008K, reserved 1048576K
}
Event: 4731.333 GC heap before
{Heap before GC invocations=2265 (full 4):
 PSYoungGen      total 26112K, used 26112K [0x00000000d5580000, 0x00000000d7c00000, 0x0000000100000000)
  eden space 23552K, 100% used [0x00000000d5580000,0x00000000d6c80000,0x00000000d6c80000)
  from space 2560K, 100% used [0x00000000d7280000,0x00000000d7500000,0x00000000d7500000)
  to   space 6144K, 0% used [0x00000000d6c80000,0x00000000d6c80000,0x00000000d7280000)
 ParOldGen       total 730624K, used 549953K [0x0000000080000000, 0x00000000ac980000, 0x00000000d5580000)
  object space 730624K, 75% used [0x0000000080000000,0x00000000a1910768,0x00000000ac980000)
 Metaspace       used 88804K, committed 90688K, reserved 1179648K
  class space    used 10126K, committed 11008K, reserved 1048576K
}
Event: 4731.339 GC heap after
{Heap after GC invocations=2265 (full 4):
 PSYoungGen      total 29696K, used 160K [0x00000000d5580000, 0x00000000d7580000, 0x0000000100000000)
  eden space 23552K, 0% used [0x00000000d5580000,0x00000000d5580000,0x00000000d6c80000)
  from space 6144K, 2% used [0x00000000d6c80000,0x00000000d6ca8000,0x00000000d7280000)
  to   space 2048K, 0% used [0x00000000d7380000,0x00000000d7380000,0x00000000d7580000)
 ParOldGen       total 730624K, used 551329K [0x0000000080000000, 0x00000000ac980000, 0x00000000d5580000)
  object space 730624K, 75% used [0x0000000080000000,0x00000000a1a68768,0x00000000ac980000)
 Metaspace       used 88804K, committed 90688K, reserved 1179648K
  class space    used 10126K, committed 11008K, reserved 1048576K
}
Event: 4731.362 GC heap before
{Heap before GC invocations=2266 (full 4):
 PSYoungGen      total 29696K, used 23712K [0x00000000d5580000, 0x00000000d7580000, 0x0000000100000000)
  eden space 23552K, 100% used [0x00000000d5580000,0x00000000d6c80000,0x00000000d6c80000)
  from space 6144K, 2% used [0x00000000d6c80000,0x00000000d6ca8000,0x00000000d7280000)
  to   space 2048K, 0% used [0x00000000d7380000,0x00000000d7380000,0x00000000d7580000)
 ParOldGen       total 730624K, used 551329K [0x0000000080000000, 0x00000000ac980000, 0x00000000d5580000)
  object space 730624K, 75% used [0x0000000080000000,0x00000000a1a68768,0x00000000ac980000)
 Metaspace       used 88804K, committed 90688K, reserved 1179648K
  class space    used 10126K, committed 11008K, reserved 1048576K
}
Event: 4731.370 GC heap after
{Heap after GC invocations=2266 (full 4):
 PSYoungGen      total 27136K, used 2025K [0x00000000d5580000, 0x00000000d7c80000, 0x0000000100000000)
  eden space 25088K, 0% used [0x00000000d5580000,0x00000000d5580000,0x00000000d6e00000)
  from space 2048K, 98% used [0x00000000d7380000,0x00000000d757a5d0,0x00000000d7580000)
  to   space 5632K, 0% used [0x00000000d6e00000,0x00000000d6e00000,0x00000000d7380000)
 ParOldGen       total 730624K, used 553705K [0x0000000080000000, 0x00000000ac980000, 0x00000000d5580000)
  object space 730624K, 75% used [0x0000000080000000,0x00000000a1cba768,0x00000000ac980000)
 Metaspace       used 88804K, committed 90688K, reserved 1179648K
  class space    used 10126K, committed 11008K, reserved 1048576K
}
Event: 4731.385 GC heap before
{Heap before GC invocations=2267 (full 4):
 PSYoungGen      total 27136K, used 27113K [0x00000000d5580000, 0x00000000d7c80000, 0x0000000100000000)
  eden space 25088K, 100% used [0x00000000d5580000,0x00000000d6e00000,0x00000000d6e00000)
  from space 2048K, 98% used [0x00000000d7380000,0x00000000d757a5d0,0x00000000d7580000)
  to   space 5632K, 0% used [0x00000000d6e00000,0x00000000d6e00000,0x00000000d7380000)
 ParOldGen       total 730624K, used 553705K [0x0000000080000000, 0x00000000ac980000, 0x00000000d5580000)
  object space 730624K, 75% used [0x0000000080000000,0x00000000a1cba768,0x00000000ac980000)
 Metaspace       used 88804K, committed 90688K, reserved 1179648K
  class space    used 10126K, committed 11008K, reserved 1048576K
}
Event: 4731.392 GC heap after
{Heap after GC invocations=2267 (full 4):
 PSYoungGen      total 30720K, used 4766K [0x00000000d5580000, 0x00000000d7d00000, 0x0000000100000000)
  eden space 25088K, 0% used [0x00000000d5580000,0x00000000d5580000,0x00000000d6e00000)
  from space 5632K, 84% used [0x00000000d6e00000,0x00000000d72a7890,0x00000000d7380000)
  to   space 5120K, 0% used [0x00000000d7800000,0x00000000d7800000,0x00000000d7d00000)
 ParOldGen       total 730624K, used 554563K [0x0000000080000000, 0x00000000ac980000, 0x00000000d5580000)
  object space 730624K, 75% used [0x0000000080000000,0x00000000a1d90d38,0x00000000ac980000)
 Metaspace       used 88804K, committed 90688K, reserved 1179648K
  class space    used 10126K, committed 11008K, reserved 1048576K
}
Event: 4732.748 GC heap before
{Heap before GC invocations=2268 (full 4):
 PSYoungGen      total 30720K, used 29854K [0x00000000d5580000, 0x00000000d7d00000, 0x0000000100000000)
  eden space 25088K, 100% used [0x00000000d5580000,0x00000000d6e00000,0x00000000d6e00000)
  from space 5632K, 84% used [0x00000000d6e00000,0x00000000d72a7890,0x00000000d7380000)
  to   space 5120K, 0% used [0x00000000d7800000,0x00000000d7800000,0x00000000d7d00000)
 ParOldGen       total 730624K, used 554563K [0x0000000080000000, 0x00000000ac980000, 0x00000000d5580000)
  object space 730624K, 75% used [0x0000000080000000,0x00000000a1d90d38,0x00000000ac980000)
 Metaspace       used 88805K, committed 90688K, reserved 1179648K
  class space    used 10126K, committed 11008K, reserved 1048576K
}
Event: 4732.753 GC heap after
{Heap after GC invocations=2268 (full 4):
 PSYoungGen      total 34304K, used 3584K [0x00000000d5580000, 0x00000000d7c00000, 0x0000000100000000)
  eden space 30208K, 0% used [0x00000000d5580000,0x00000000d5580000,0x00000000d7300000)
  from space 4096K, 87% used [0x00000000d7800000,0x00000000d7b80350,0x00000000d7c00000)
  to   space 4096K, 0% used [0x00000000d7400000,0x00000000d7400000,0x00000000d7800000)
 ParOldGen       total 730624K, used 555131K [0x0000000080000000, 0x00000000ac980000, 0x00000000d5580000)
  object space 730624K, 75% used [0x0000000080000000,0x00000000a1e1ed38,0x00000000ac980000)
 Metaspace       used 88805K, committed 90688K, reserved 1179648K
  class space    used 10126K, committed 11008K, reserved 1048576K
}
Event: 4732.774 GC heap before
{Heap before GC invocations=2269 (full 4):
 PSYoungGen      total 34304K, used 33792K [0x00000000d5580000, 0x00000000d7c00000, 0x0000000100000000)
  eden space 30208K, 100% used [0x00000000d5580000,0x00000000d7300000,0x00000000d7300000)
  from space 4096K, 87% used [0x00000000d7800000,0x00000000d7b80350,0x00000000d7c00000)
  to   space 4096K, 0% used [0x00000000d7400000,0x00000000d7400000,0x00000000d7800000)
 ParOldGen       total 730624K, used 555131K [0x0000000080000000, 0x00000000ac980000, 0x00000000d5580000)
  object space 730624K, 75% used [0x0000000080000000,0x00000000a1e1ed38,0x00000000ac980000)
 Metaspace       used 88805K, committed 90688K, reserved 1179648K
  class space    used 10126K, committed 11008K, reserved 1048576K
}
Event: 4732.786 GC heap after
{Heap after GC invocations=2269 (full 4):
 PSYoungGen      total 35328K, used 4094K [0x00000000d5580000, 0x00000000d8a00000, 0x0000000100000000)
  eden space 31232K, 0% used [0x00000000d5580000,0x00000000d5580000,0x00000000d7400000)
  from space 4096K, 99% used [0x00000000d7400000,0x00000000d77ff890,0x00000000d7800000)
  to   space 8704K, 0% used [0x00000000d8180000,0x00000000d8180000,0x00000000d8a00000)
 ParOldGen       total 730624K, used 558844K [0x0000000080000000, 0x00000000ac980000, 0x00000000d5580000)
  object space 730624K, 76% used [0x0000000080000000,0x00000000a21bf308,0x00000000ac980000)
 Metaspace       used 88805K, committed 90688K, reserved 1179648K
  class space    used 10126K, committed 11008K, reserved 1048576K
}

