# JRE version: OpenJDK Runtime Environment Temurin-21.0.8+9 (21.0.8+9) (build 21.0.8+9-LTS)
# Java VM: OpenJDK 64-Bit Server VM Temurin-21.0.8+9 (21.0.8+9-LTS, mixed mode, sharing, tiered, compressed oops, compressed class ptrs, parallel gc, windows-amd64)
GC Precious Log:
 CardTable entry size: 512
 CPUs: 8 total, 8 available
 Memory: 8029M
 Large Page Support: Disabled
 NUMA Support: Disabled
 Compressed Oops: Enabled (32-bit)
 Alignments: Space 512K, Generation 512K, Heap 2M
 Heap Min Capacity: 100M
 Heap Initial Capacity: 100M
 Heap Max Capacity: 2G
 Pre-touch: Disabled
 Parallel Workers: 8
Heap:
 PSYoungGen      total 5632K, used 2533K [0x00000000d5580000, 0x00000000d5d00000, 0x0000000100000000)
  eden space 5120K, 45% used [0x00000000d5580000,0x00000000d57c9510,0x00000000d5a80000)
  from space 512K, 37% used [0x00000000d5c80000,0x00000000d5cb0000,0x00000000d5d00000)
  to   space 512K, 0% used [0x00000000d5c00000,0x00000000d5c00000,0x00000000d5c80000)
 ParOldGen       total 439808K, used 439307K [0x0000000080000000, 0x000000009ad80000, 0x00000000d5580000)
  object space 439808K, 99% used [0x0000000080000000,0x000000009ad02fd8,0x000000009ad80000)
 Metaspace       used 76984K, committed 78592K, reserved 1179648K
  class space    used 9338K, committed 10048K, reserved 1048576K
GC Heap History (20 events):
Event: 353800.805 GC heap before
{Heap before GC invocations=612 (full 3):
 PSYoungGen      total 2048K, used 1617K [0x00000000d5580000, 0x00000000d5a00000, 0x0000000100000000)
  eden space 1024K, 100% used [0x00000000d5580000,0x00000000d5680000,0x00000000d5680000)
  from space 1024K, 57% used [0x00000000d5900000,0x00000000d5994648,0x00000000d5a00000)
  to   space 1024K, 0% used [0x00000000d5800000,0x00000000d5800000,0x00000000d5900000)
 ParOldGen       total 425472K, used 425113K [0x0000000080000000, 0x0000000099f80000, 0x00000000d5580000)
  object space 425472K, 99% used [0x0000000080000000,0x0000000099f26798,0x0000000099f80000)
 Metaspace       used 76934K, committed 78592K, reserved 1179648K
  class space    used 9336K, committed 10048K, reserved 1048576K
}
Event: 353800.808 GC heap after
{Heap after GC invocations=612 (full 3):
 PSYoungGen      total 2560K, used 907K [0x00000000d5580000, 0x00000000d5980000, 0x0000000100000000)
  eden space 1536K, 0% used [0x00000000d5580000,0x00000000d5580000,0x00000000d5700000)
  from space 1024K, 88% used [0x00000000d5800000,0x00000000d58e2eb0,0x00000000d5900000)
  to   space 512K, 0% used [0x00000000d5900000,0x00000000d5900000,0x00000000d5980000)
 ParOldGen       total 425984K, used 425545K [0x0000000080000000, 0x000000009a000000, 0x00000000d5580000)
  object space 425984K, 99% used [0x0000000080000000,0x0000000099f92798,0x000000009a000000)
 Metaspace       used 76934K, committed 78592K, reserved 1179648K
  class space    used 9336K, committed 10048K, reserved 1048576K
}
Event: 353800.846 GC heap before
{Heap before GC invocations=613 (full 3):
 PSYoungGen      total 2560K, used 2035K [0x00000000d5580000, 0x00000000d5980000, 0x0000000100000000)
  eden space 1536K, 73% used [0x00000000d5580000,0x00000000d5699fb8,0x00000000d5700000)
  from space 1024K, 88% used [0x00000000d5800000,0x00000000d58e2eb0,0x00000000d5900000)
  to   space 512K, 0% used [0x00000000d5900000,0x00000000d5900000,0x00000000d5980000)
 ParOldGen       total 425984K, used 425545K [0x0000000080000000, 0x000000009a000000, 0x00000000d5580000)
  object space 425984K, 99% used [0x0000000080000000,0x0000000099f92798,0x000000009a000000)
 Metaspace       used 76934K, committed 78592K, reserved 1179648K
  class space    used 9336K, committed 10048K, reserved 1048576K
}
Event: 353800.848 GC heap after
{Heap after GC invocations=613 (full 3):
 PSYoungGen      total 2560K, used 464K [0x00000000d5580000, 0x00000000d5980000, 0x0000000100000000)
  eden space 2048K, 0% used [0x00000000d5580000,0x00000000d5580000,0x00000000d5780000)
  from space 512K, 90% used [0x00000000d5900000,0x00000000d5974010,0x00000000d5980000)
  to   space 1024K, 0% used [0x00000000d5780000,0x00000000d5780000,0x00000000d5880000)
 ParOldGen       total 427008K, used 426547K [0x0000000080000000, 0x000000009a100000, 0x00000000d5580000)
  object space 427008K, 99% used [0x0000000080000000,0x000000009a08ce40,0x000000009a100000)
 Metaspace       used 76934K, committed 78592K, reserved 1179648K
  class space    used 9336K, committed 10048K, reserved 1048576K
}
Event: 353800.890 GC heap before
{Heap before GC invocations=614 (full 3):
 PSYoungGen      total 2560K, used 2512K [0x00000000d5580000, 0x00000000d5980000, 0x0000000100000000)
  eden space 2048K, 100% used [0x00000000d5580000,0x00000000d5780000,0x00000000d5780000)
  from space 512K, 90% used [0x00000000d5900000,0x00000000d5974010,0x00000000d5980000)
  to   space 1024K, 0% used [0x00000000d5780000,0x00000000d5780000,0x00000000d5880000)
 ParOldGen       total 427008K, used 426547K [0x0000000080000000, 0x000000009a100000, 0x00000000d5580000)
  object space 427008K, 99% used [0x0000000080000000,0x000000009a08ce40,0x000000009a100000)
 Metaspace       used 76942K, committed 78592K, reserved 1179648K
  class space    used 9338K, committed 10048K, reserved 1048576K
}
Event: 353800.892 GC heap after
{Heap after GC invocations=614 (full 3):
 PSYoungGen      total 3072K, used 1017K [0x00000000d5580000, 0x00000000d5e00000, 0x0000000100000000)
  eden space 2048K, 0% used [0x00000000d5580000,0x00000000d5580000,0x00000000d5780000)
  from space 1024K, 99% used [0x00000000d5780000,0x00000000d587e5d8,0x00000000d5880000)
  to   space 3072K, 0% used [0x00000000d5b00000,0x00000000d5b00000,0x00000000d5e00000)
 ParOldGen       total 428032K, used 427835K [0x0000000080000000, 0x000000009a200000, 0x00000000d5580000)
  object space 428032K, 99% used [0x0000000080000000,0x000000009a1cee50,0x000000009a200000)
 Metaspace       used 76942K, committed 78592K, reserved 1179648K
  class space    used 9338K, committed 10048K, reserved 1048576K
}
Event: 353800.903 GC heap before
{Heap before GC invocations=615 (full 3):
 PSYoungGen      total 3072K, used 3065K [0x00000000d5580000, 0x00000000d5e00000, 0x0000000100000000)
  eden space 2048K, 100% used [0x00000000d5580000,0x00000000d5780000,0x00000000d5780000)
  from space 1024K, 99% used [0x00000000d5780000,0x00000000d587e5d8,0x00000000d5880000)
  to   space 3072K, 0% used [0x00000000d5b00000,0x00000000d5b00000,0x00000000d5e00000)
 ParOldGen       total 428032K, used 427835K [0x0000000080000000, 0x000000009a200000, 0x00000000d5580000)
  object space 428032K, 99% used [0x0000000080000000,0x000000009a1cee50,0x000000009a200000)
 Metaspace       used 76942K, committed 78592K, reserved 1179648K
  class space    used 9338K, committed 10048K, reserved 1048576K
}
Event: 353800.907 GC heap after
{Heap after GC invocations=615 (full 3):
 PSYoungGen      total 5120K, used 2144K [0x00000000d5580000, 0x00000000d5d80000, 0x0000000100000000)
  eden space 2560K, 0% used [0x00000000d5580000,0x00000000d5580000,0x00000000d5800000)
  from space 2560K, 83% used [0x00000000d5b00000,0x00000000d5d18000,0x00000000d5d80000)
  to   space 2560K, 0% used [0x00000000d5880000,0x00000000d5880000,0x00000000d5b00000)
 ParOldGen       total 429056K, used 428877K [0x0000000080000000, 0x000000009a300000, 0x00000000d5580000)
  object space 429056K, 99% used [0x0000000080000000,0x000000009a2d3428,0x000000009a300000)
 Metaspace       used 76942K, committed 78592K, reserved 1179648K
  class space    used 9338K, committed 10048K, reserved 1048576K
}
Event: 353800.926 GC heap before
{Heap before GC invocations=616 (full 3):
 PSYoungGen      total 5120K, used 4704K [0x00000000d5580000, 0x00000000d5d80000, 0x0000000100000000)
  eden space 2560K, 100% used [0x00000000d5580000,0x00000000d5800000,0x00000000d5800000)
  from space 2560K, 83% used [0x00000000d5b00000,0x00000000d5d18000,0x00000000d5d80000)
  to   space 2560K, 0% used [0x00000000d5880000,0x00000000d5880000,0x00000000d5b00000)
 ParOldGen       total 429056K, used 428877K [0x0000000080000000, 0x000000009a300000, 0x00000000d5580000)
  object space 429056K, 99% used [0x0000000080000000,0x000000009a2d3428,0x000000009a300000)
 Metaspace       used 76946K, committed 78592K, reserved 1179648K
  class space    used 9338K, committed 10048K, reserved 1048576K
}
Event: 353800.930 GC heap after
{Heap after GC invocations=616 (full 3):
 PSYoungGen      total 5632K, used 2537K [0x00000000d5580000, 0x00000000d6280000, 0x0000000100000000)
  eden space 3072K, 0% used [0x00000000d5580000,0x00000000d5580000,0x00000000d5880000)
  from space 2560K, 99% used [0x00000000d5880000,0x00000000d5afa5d0,0x00000000d5b00000)
  to   space 5120K, 0% used [0x00000000d5d80000,0x00000000d5d80000,0x00000000d6280000)
 ParOldGen       total 431104K, used 430965K [0x0000000080000000, 0x000000009a500000, 0x00000000d5580000)
  object space 431104K, 99% used [0x0000000080000000,0x000000009a4dd428,0x000000009a500000)
 Metaspace       used 76946K, committed 78592K, reserved 1179648K
  class space    used 9338K, committed 10048K, reserved 1048576K
}
Event: 353800.942 GC heap before
{Heap before GC invocations=617 (full 3):
 PSYoungGen      total 5632K, used 5609K [0x00000000d5580000, 0x00000000d6280000, 0x0000000100000000)
  eden space 3072K, 100% used [0x00000000d5580000,0x00000000d5880000,0x00000000d5880000)
  from space 2560K, 99% used [0x00000000d5880000,0x00000000d5afa5d0,0x00000000d5b00000)
  to   space 5120K, 0% used [0x00000000d5d80000,0x00000000d5d80000,0x00000000d6280000)
 ParOldGen       total 431104K, used 430965K [0x0000000080000000, 0x000000009a500000, 0x00000000d5580000)
  object space 431104K, 99% used [0x0000000080000000,0x000000009a4dd428,0x000000009a500000)
 Metaspace       used 76946K, committed 78592K, reserved 1179648K
  class space    used 9338K, committed 10048K, reserved 1048576K
}
Event: 353800.947 GC heap after
{Heap after GC invocations=617 (full 3):
 PSYoungGen      total 7168K, used 2985K [0x00000000d5580000, 0x00000000d6080000, 0x0000000100000000)
  eden space 4096K, 0% used [0x00000000d5580000,0x00000000d5580000,0x00000000d5980000)
  from space 3072K, 97% used [0x00000000d5d80000,0x00000000d606a5d0,0x00000000d6080000)
  to   space 3584K, 0% used [0x00000000d5980000,0x00000000d5980000,0x00000000d5d00000)
 ParOldGen       total 433664K, used 433462K [0x0000000080000000, 0x000000009a780000, 0x00000000d5580000)
  object space 433664K, 99% used [0x0000000080000000,0x000000009a74d9f8,0x000000009a780000)
 Metaspace       used 76946K, committed 78592K, reserved 1179648K
  class space    used 9338K, committed 10048K, reserved 1048576K
}
Event: 353800.956 GC heap before
{Heap before GC invocations=618 (full 3):
 PSYoungGen      total 7168K, used 7081K [0x00000000d5580000, 0x00000000d6080000, 0x0000000100000000)
  eden space 4096K, 100% used [0x00000000d5580000,0x00000000d5980000,0x00000000d5980000)
  from space 3072K, 97% used [0x00000000d5d80000,0x00000000d606a5d0,0x00000000d6080000)
  to   space 3584K, 0% used [0x00000000d5980000,0x00000000d5980000,0x00000000d5d00000)
 ParOldGen       total 433664K, used 433462K [0x0000000080000000, 0x000000009a780000, 0x00000000d5580000)
  object space 433664K, 99% used [0x0000000080000000,0x000000009a74d9f8,0x000000009a780000)
 Metaspace       used 76946K, committed 78592K, reserved 1179648K
  class space    used 9338K, committed 10048K, reserved 1048576K
}
Event: 353800.960 GC heap after
{Heap after GC invocations=618 (full 3):
 PSYoungGen      total 7680K, used 1408K [0x00000000d5580000, 0x00000000d5f80000, 0x0000000100000000)
  eden space 4096K, 0% used [0x00000000d5580000,0x00000000d5580000,0x00000000d5980000)
  from space 3584K, 39% used [0x00000000d5980000,0x00000000d5ae0000,0x00000000d5d00000)
  to   space 2560K, 0% used [0x00000000d5d00000,0x00000000d5d00000,0x00000000d5f80000)
 ParOldGen       total 436736K, used 436347K [0x0000000080000000, 0x000000009aa80000, 0x00000000d5580000)
  object space 436736K, 99% used [0x0000000080000000,0x000000009aa1efd8,0x000000009aa80000)
 Metaspace       used 76946K, committed 78592K, reserved 1179648K
  class space    used 9338K, committed 10048K, reserved 1048576K
}
Event: 353800.967 GC heap before
{Heap before GC invocations=619 (full 3):
 PSYoungGen      total 7680K, used 5504K [0x00000000d5580000, 0x00000000d5f80000, 0x0000000100000000)
  eden space 4096K, 100% used [0x00000000d5580000,0x00000000d5980000,0x00000000d5980000)
  from space 3584K, 39% used [0x00000000d5980000,0x00000000d5ae0000,0x00000000d5d00000)
  to   space 2560K, 0% used [0x00000000d5d00000,0x00000000d5d00000,0x00000000d5f80000)
 ParOldGen       total 436736K, used 436347K [0x0000000080000000, 0x000000009aa80000, 0x00000000d5580000)
  object space 436736K, 99% used [0x0000000080000000,0x000000009aa1efd8,0x000000009aa80000)
 Metaspace       used 76946K, committed 78592K, reserved 1179648K
  class space    used 9338K, committed 10048K, reserved 1048576K
}
Event: 353800.970 GC heap after
{Heap after GC invocations=619 (full 3):
 PSYoungGen      total 6656K, used 1504K [0x00000000d5580000, 0x00000000d5e80000, 0x0000000100000000)
  eden space 5120K, 0% used [0x00000000d5580000,0x00000000d5580000,0x00000000d5a80000)
  from space 1536K, 97% used [0x00000000d5d00000,0x00000000d5e78000,0x00000000d5e80000)
  to   space 2048K, 0% used [0x00000000d5a80000,0x00000000d5a80000,0x00000000d5c80000)
 ParOldGen       total 437760K, used 437699K [0x0000000080000000, 0x000000009ab80000, 0x00000000d5580000)
  object space 437760K, 99% used [0x0000000080000000,0x000000009ab70fd8,0x000000009ab80000)
 Metaspace       used 76946K, committed 78592K, reserved 1179648K
  class space    used 9338K, committed 10048K, reserved 1048576K
}
Event: 353801.016 GC heap before
{Heap before GC invocations=620 (full 3):
 PSYoungGen      total 6656K, used 6624K [0x00000000d5580000, 0x00000000d5e80000, 0x0000000100000000)
  eden space 5120K, 100% used [0x00000000d5580000,0x00000000d5a80000,0x00000000d5a80000)
  from space 1536K, 97% used [0x00000000d5d00000,0x00000000d5e78000,0x00000000d5e80000)
  to   space 2048K, 0% used [0x00000000d5a80000,0x00000000d5a80000,0x00000000d5c80000)
 ParOldGen       total 437760K, used 437699K [0x0000000080000000, 0x000000009ab80000, 0x00000000d5580000)
  object space 437760K, 99% used [0x0000000080000000,0x000000009ab70fd8,0x000000009ab80000)
 Metaspace       used 76957K, committed 78592K, reserved 1179648K
  class space    used 9338K, committed 10048K, reserved 1048576K
}
Event: 353801.023 GC heap after
{Heap after GC invocations=620 (full 3):
 PSYoungGen      total 7168K, used 382K [0x00000000d5580000, 0x00000000d5d80000, 0x0000000100000000)
  eden space 5120K, 0% used [0x00000000d5580000,0x00000000d5580000,0x00000000d5a80000)
  from space 2048K, 18% used [0x00000000d5a80000,0x00000000d5adf890,0x00000000d5c80000)
  to   space 1024K, 0% used [0x00000000d5c80000,0x00000000d5c80000,0x00000000d5d80000)
 ParOldGen       total 439296K, used 439083K [0x0000000080000000, 0x000000009ad00000, 0x00000000d5580000)
  object space 439296K, 99% used [0x0000000080000000,0x000000009accafd8,0x000000009ad00000)
 Metaspace       used 76957K, committed 78592K, reserved 1179648K
  class space    used 9338K, committed 10048K, reserved 1048576K
}
Event: 358131.697 GC heap before
{Heap before GC invocations=621 (full 3):
 PSYoungGen      total 7168K, used 5502K [0x00000000d5580000, 0x00000000d5d80000, 0x0000000100000000)
  eden space 5120K, 100% used [0x00000000d5580000,0x00000000d5a80000,0x00000000d5a80000)
  from space 2048K, 18% used [0x00000000d5a80000,0x00000000d5adf890,0x00000000d5c80000)
  to   space 1024K, 0% used [0x00000000d5c80000,0x00000000d5c80000,0x00000000d5d80000)
 ParOldGen       total 439296K, used 439083K [0x0000000080000000, 0x000000009ad00000, 0x00000000d5580000)
  object space 439296K, 99% used [0x0000000080000000,0x000000009accafd8,0x000000009ad00000)
 Metaspace       used 76984K, committed 78592K, reserved 1179648K
  class space    used 9338K, committed 10048K, reserved 1048576K
}
Event: 358132.130 GC heap after
{Heap after GC invocations=621 (full 3):
 PSYoungGen      total 5632K, used 192K [0x00000000d5580000, 0x00000000d5d00000, 0x0000000100000000)
  eden space 5120K, 0% used [0x00000000d5580000,0x00000000d5580000,0x00000000d5a80000)
  from space 512K, 37% used [0x00000000d5c80000,0x00000000d5cb0000,0x00000000d5d00000)
  to   space 512K, 0% used [0x00000000d5c00000,0x00000000d5c00000,0x00000000d5c80000)
 ParOldGen       total 439808K, used 439307K [0x0000000080000000, 0x000000009ad80000, 0x00000000d5580000)
  object space 439808K, 99% used [0x0000000080000000,0x000000009ad02fd8,0x000000009ad80000)
 Metaspace       used 76984K, committed 78592K, reserved 1179648K
  class space    used 9338K, committed 10048K, reserved 1048576K
}

